<?xml version="1.0" encoding="UTF-8"?>
<testng-results skipped="0" failed="0" total="1" passed="1">
  <reporter-output>
  </reporter-output>
  <suite name="Default suite" duration-ms="75" started-at="2017-11-22T21:19:07Z" finished-at="2017-11-22T21:19:07Z">
    <groups>
    </groups>
    <test name="Default test" duration-ms="75" started-at="2017-11-22T21:19:07Z" finished-at="2017-11-22T21:19:07Z">
      <class name="com.google.refine.extension.database.mysql.MySQLDatabaseServiceTest">
        <test-method status="PASS" signature="beforeTest()[pri:0, instance:com.google.refine.extension.database.mysql.MySQLDatabaseServiceTest@1b604f19]" name="beforeTest" is-config="true" duration-ms="8" started-at="2017-11-22T15:19:07Z" finished-at="2017-11-22T15:19:07Z">
          <reporter-output>
          </reporter-output>
        </test-method> <!-- beforeTest -->
        <test-method status="PASS" signature="testGetInstance()[pri:0, instance:com.google.refine.extension.database.mysql.MySQLDatabaseServiceTest@1b604f19]" name="testGetInstance" duration-ms="44" started-at="2017-11-22T15:19:07Z" finished-at="2017-11-22T15:19:07Z">
          <reporter-output>
          </reporter-output>
        </test-method> <!-- testGetInstance -->
      </class> <!-- com.google.refine.extension.database.mysql.MySQLDatabaseServiceTest -->
    </test> <!-- Default test -->
  </suite> <!-- Default suite -->
</testng-results>
